<?xml version="1.0" encoding="UTF-8"?>
<testsuite xmlns:xsi="http://www.w3.org/2001/XMLSchema-instance" xsi:noNamespaceSchemaLocation="https://maven.apache.org/surefire/maven-surefire-plugin/xsd/surefire-test-report.xsd" name="com.db.dataplatform.techtest.api.model.DataEnvelopeTests" time="0.013" tests="2" errors="0" skipped="0" failures="0">
  <properties>
[...]
</properties>
  <testcase name="checkTwoDataEnvelopesAreEqualAsExpected" classname="com.db.dataplatform.techtest.api.model.DataEnvelopeTests" time="0.002"/>
  <testcase name="assignDataFieldsShouldWorkAsExpected" classname="com.db.dataplatform.techtest.api.model.DataEnvelopeTests" time="0.005"/>
</testsuite>